[0.890s] Invoking command in '/home/yuxuan/ros_ws/src/vehicle_controller': CONDA_PROMPT_MODIFIER=(TEMP) PYTHONPATH=/home/yuxuan/ros_ws/src/vehicle_controller/build/vehicle_controller/prefix_override:/usr/lib/python3/dist-packages/colcon_core/task/python/colcon_distutils_commands:/home/yuxuan/ros_ws/src/vehicle_controller/install/vehicle_controller/lib/python3.10/site-packages:${PYTHONPATH} /usr/bin/python3 -W ignore:setup.py install is deprecated -W ignore:easy_install command is deprecated setup.py egg_info --egg-base build/vehicle_controller build --build-base /home/yuxuan/ros_ws/src/vehicle_controller/build/vehicle_controller/build install --record /home/yuxuan/ros_ws/src/vehicle_controller/build/vehicle_controller/install.log --single-version-externally-managed install_data
[0.987s] running egg_info
[0.988s] creating build/vehicle_controller/vehicle_controller.egg-info
[0.993s] writing build/vehicle_controller/vehicle_controller.egg-info/PKG-INFO
[0.994s] writing dependency_links to build/vehicle_controller/vehicle_controller.egg-info/dependency_links.txt
[0.994s] writing entry points to build/vehicle_controller/vehicle_controller.egg-info/entry_points.txt
[0.994s] writing requirements to build/vehicle_controller/vehicle_controller.egg-info/requires.txt
[0.994s] writing top-level names to build/vehicle_controller/vehicle_controller.egg-info/top_level.txt
[0.994s] writing manifest file 'build/vehicle_controller/vehicle_controller.egg-info/SOURCES.txt'
[1.006s] reading manifest file 'build/vehicle_controller/vehicle_controller.egg-info/SOURCES.txt'
[1.006s] writing manifest file 'build/vehicle_controller/vehicle_controller.egg-info/SOURCES.txt'
[1.006s] running build
[1.006s] running build_py
[1.006s] creating /home/yuxuan/ros_ws/src/vehicle_controller/build/vehicle_controller/build
[1.006s] creating /home/yuxuan/ros_ws/src/vehicle_controller/build/vehicle_controller/build/lib
[1.006s] creating /home/yuxuan/ros_ws/src/vehicle_controller/build/vehicle_controller/build/lib/vehicle_controller
[1.006s] copying vehicle_controller/lateral_mpc.py -> /home/yuxuan/ros_ws/src/vehicle_controller/build/vehicle_controller/build/lib/vehicle_controller
[1.006s] copying vehicle_controller/state_adapter.py -> /home/yuxuan/ros_ws/src/vehicle_controller/build/vehicle_controller/build/lib/vehicle_controller
[1.006s] copying vehicle_controller/types.py -> /home/yuxuan/ros_ws/src/vehicle_controller/build/vehicle_controller/build/lib/vehicle_controller
[1.006s] copying vehicle_controller/vehicle_controller_node.py -> /home/yuxuan/ros_ws/src/vehicle_controller/build/vehicle_controller/build/lib/vehicle_controller
[1.006s] copying vehicle_controller/actuator_mapper.py -> /home/yuxuan/ros_ws/src/vehicle_controller/build/vehicle_controller/build/lib/vehicle_controller
[1.006s] copying vehicle_controller/mpc_combined.py -> /home/yuxuan/ros_ws/src/vehicle_controller/build/vehicle_controller/build/lib/vehicle_controller
[1.006s] copying vehicle_controller/__init__.py -> /home/yuxuan/ros_ws/src/vehicle_controller/build/vehicle_controller/build/lib/vehicle_controller
[1.006s] copying vehicle_controller/reference_manager.py -> /home/yuxuan/ros_ws/src/vehicle_controller/build/vehicle_controller/build/lib/vehicle_controller
[1.006s] copying vehicle_controller/longitudinal_lqr.py -> /home/yuxuan/ros_ws/src/vehicle_controller/build/vehicle_controller/build/lib/vehicle_controller
[1.007s] running install
[1.010s] running install_lib
[1.015s] creating /home/yuxuan/ros_ws/src/vehicle_controller/install/vehicle_controller/lib/python3.10/site-packages/vehicle_controller
[1.015s] copying /home/yuxuan/ros_ws/src/vehicle_controller/build/vehicle_controller/build/lib/vehicle_controller/lateral_mpc.py -> /home/yuxuan/ros_ws/src/vehicle_controller/install/vehicle_controller/lib/python3.10/site-packages/vehicle_controller
[1.015s] copying /home/yuxuan/ros_ws/src/vehicle_controller/build/vehicle_controller/build/lib/vehicle_controller/state_adapter.py -> /home/yuxuan/ros_ws/src/vehicle_controller/install/vehicle_controller/lib/python3.10/site-packages/vehicle_controller
[1.015s] copying /home/yuxuan/ros_ws/src/vehicle_controller/build/vehicle_controller/build/lib/vehicle_controller/types.py -> /home/yuxuan/ros_ws/src/vehicle_controller/install/vehicle_controller/lib/python3.10/site-packages/vehicle_controller
[1.015s] copying /home/yuxuan/ros_ws/src/vehicle_controller/build/vehicle_controller/build/lib/vehicle_controller/vehicle_controller_node.py -> /home/yuxuan/ros_ws/src/vehicle_controller/install/vehicle_controller/lib/python3.10/site-packages/vehicle_controller
[1.015s] copying /home/yuxuan/ros_ws/src/vehicle_controller/build/vehicle_controller/build/lib/vehicle_controller/actuator_mapper.py -> /home/yuxuan/ros_ws/src/vehicle_controller/install/vehicle_controller/lib/python3.10/site-packages/vehicle_controller
[1.015s] copying /home/yuxuan/ros_ws/src/vehicle_controller/build/vehicle_controller/build/lib/vehicle_controller/mpc_combined.py -> /home/yuxuan/ros_ws/src/vehicle_controller/install/vehicle_controller/lib/python3.10/site-packages/vehicle_controller
[1.015s] copying /home/yuxuan/ros_ws/src/vehicle_controller/build/vehicle_controller/build/lib/vehicle_controller/__init__.py -> /home/yuxuan/ros_ws/src/vehicle_controller/install/vehicle_controller/lib/python3.10/site-packages/vehicle_controller
[1.015s] copying /home/yuxuan/ros_ws/src/vehicle_controller/build/vehicle_controller/build/lib/vehicle_controller/reference_manager.py -> /home/yuxuan/ros_ws/src/vehicle_controller/install/vehicle_controller/lib/python3.10/site-packages/vehicle_controller
[1.015s] copying /home/yuxuan/ros_ws/src/vehicle_controller/build/vehicle_controller/build/lib/vehicle_controller/longitudinal_lqr.py -> /home/yuxuan/ros_ws/src/vehicle_controller/install/vehicle_controller/lib/python3.10/site-packages/vehicle_controller
[1.015s] byte-compiling /home/yuxuan/ros_ws/src/vehicle_controller/install/vehicle_controller/lib/python3.10/site-packages/vehicle_controller/lateral_mpc.py to lateral_mpc.cpython-310.pyc
[1.016s] byte-compiling /home/yuxuan/ros_ws/src/vehicle_controller/install/vehicle_controller/lib/python3.10/site-packages/vehicle_controller/state_adapter.py to state_adapter.cpython-310.pyc
[1.017s] byte-compiling /home/yuxuan/ros_ws/src/vehicle_controller/install/vehicle_controller/lib/python3.10/site-packages/vehicle_controller/types.py to types.cpython-310.pyc
[1.017s] byte-compiling /home/yuxuan/ros_ws/src/vehicle_controller/install/vehicle_controller/lib/python3.10/site-packages/vehicle_controller/vehicle_controller_node.py to vehicle_controller_node.cpython-310.pyc
[1.018s] byte-compiling /home/yuxuan/ros_ws/src/vehicle_controller/install/vehicle_controller/lib/python3.10/site-packages/vehicle_controller/actuator_mapper.py to actuator_mapper.cpython-310.pyc
[1.019s] byte-compiling /home/yuxuan/ros_ws/src/vehicle_controller/install/vehicle_controller/lib/python3.10/site-packages/vehicle_controller/mpc_combined.py to mpc_combined.cpython-310.pyc
[1.019s] byte-compiling /home/yuxuan/ros_ws/src/vehicle_controller/install/vehicle_controller/lib/python3.10/site-packages/vehicle_controller/__init__.py to __init__.cpython-310.pyc
[1.020s] byte-compiling /home/yuxuan/ros_ws/src/vehicle_controller/install/vehicle_controller/lib/python3.10/site-packages/vehicle_controller/reference_manager.py to reference_manager.cpython-310.pyc
[1.020s] byte-compiling /home/yuxuan/ros_ws/src/vehicle_controller/install/vehicle_controller/lib/python3.10/site-packages/vehicle_controller/longitudinal_lqr.py to longitudinal_lqr.cpython-310.pyc
[1.020s] running install_data
[1.020s] creating /home/yuxuan/ros_ws/src/vehicle_controller/install/vehicle_controller/share/ament_index
[1.020s] creating /home/yuxuan/ros_ws/src/vehicle_controller/install/vehicle_controller/share/ament_index/resource_index
[1.020s] creating /home/yuxuan/ros_ws/src/vehicle_controller/install/vehicle_controller/share/ament_index/resource_index/packages
[1.020s] copying resource/vehicle_controller -> /home/yuxuan/ros_ws/src/vehicle_controller/install/vehicle_controller/share/ament_index/resource_index/packages
[1.020s] copying package.xml -> /home/yuxuan/ros_ws/src/vehicle_controller/install/vehicle_controller/share/vehicle_controller
[1.020s] creating /home/yuxuan/ros_ws/src/vehicle_controller/install/vehicle_controller/share/vehicle_controller/launch
[1.020s] copying launch/vehicle_controller.launch.py -> /home/yuxuan/ros_ws/src/vehicle_controller/install/vehicle_controller/share/vehicle_controller/launch
[1.020s] creating /home/yuxuan/ros_ws/src/vehicle_controller/install/vehicle_controller/share/vehicle_controller/config
[1.020s] copying config/vehicle_params.yaml -> /home/yuxuan/ros_ws/src/vehicle_controller/install/vehicle_controller/share/vehicle_controller/config
[1.020s] copying config/controller.yaml -> /home/yuxuan/ros_ws/src/vehicle_controller/install/vehicle_controller/share/vehicle_controller/config
[1.020s] creating /home/yuxuan/ros_ws/src/vehicle_controller/install/vehicle_controller/share/vehicle_controller/data
[1.021s] error: can't copy 'data/reference_velocity': doesn't exist or not a regular file
[1.030s] Invoked command in '/home/yuxuan/ros_ws/src/vehicle_controller' returned '1': CONDA_PROMPT_MODIFIER=(TEMP) PYTHONPATH=/home/yuxuan/ros_ws/src/vehicle_controller/build/vehicle_controller/prefix_override:/usr/lib/python3/dist-packages/colcon_core/task/python/colcon_distutils_commands:/home/yuxuan/ros_ws/src/vehicle_controller/install/vehicle_controller/lib/python3.10/site-packages:${PYTHONPATH} /usr/bin/python3 -W ignore:setup.py install is deprecated -W ignore:easy_install command is deprecated setup.py egg_info --egg-base build/vehicle_controller build --build-base /home/yuxuan/ros_ws/src/vehicle_controller/build/vehicle_controller/build install --record /home/yuxuan/ros_ws/src/vehicle_controller/build/vehicle_controller/install.log --single-version-externally-managed install_data
