/home/yuxuan/ros_ws/src/vehicle_controller/install/vehicle_controller/lib/python3.10/site-packages/vehicle_controller/lateral_mpc.py
/home/yuxuan/ros_ws/src/vehicle_controller/install/vehicle_controller/lib/python3.10/site-packages/vehicle_controller/state_adapter.py
/home/yuxuan/ros_ws/src/vehicle_controller/install/vehicle_controller/lib/python3.10/site-packages/vehicle_controller/types.py
/home/yuxuan/ros_ws/src/vehicle_controller/install/vehicle_controller/lib/python3.10/site-packages/vehicle_controller/vehicle_controller_node.py
/home/yuxuan/ros_ws/src/vehicle_controller/install/vehicle_controller/lib/python3.10/site-packages/vehicle_controller/actuator_mapper.py
/home/yuxuan/ros_ws/src/vehicle_controller/install/vehicle_controller/lib/python3.10/site-packages/vehicle_controller/mpc_combined.py
/home/yuxuan/ros_ws/src/vehicle_controller/install/vehicle_controller/lib/python3.10/site-packages/vehicle_controller/recorder.py
/home/yuxuan/ros_ws/src/vehicle_controller/install/vehicle_controller/lib/python3.10/site-packages/vehicle_controller/__init__.py
/home/yuxuan/ros_ws/src/vehicle_controller/install/vehicle_controller/lib/python3.10/site-packages/vehicle_controller/reference_manager.py
/home/yuxuan/ros_ws/src/vehicle_controller/install/vehicle_controller/lib/python3.10/site-packages/vehicle_controller/longitudinal_lqr.py
/home/yuxuan/ros_ws/src/vehicle_controller/install/vehicle_controller/lib/python3.10/site-packages/vehicle_controller/__pycache__/lateral_mpc.cpython-310.pyc
/home/yuxuan/ros_ws/src/vehicle_controller/install/vehicle_controller/lib/python3.10/site-packages/vehicle_controller/__pycache__/state_adapter.cpython-310.pyc
/home/yuxuan/ros_ws/src/vehicle_controller/install/vehicle_controller/lib/python3.10/site-packages/vehicle_controller/__pycache__/types.cpython-310.pyc
/home/yuxuan/ros_ws/src/vehicle_controller/install/vehicle_controller/lib/python3.10/site-packages/vehicle_controller/__pycache__/vehicle_controller_node.cpython-310.pyc
/home/yuxuan/ros_ws/src/vehicle_controller/install/vehicle_controller/lib/python3.10/site-packages/vehicle_controller/__pycache__/actuator_mapper.cpython-310.pyc
/home/yuxuan/ros_ws/src/vehicle_controller/install/vehicle_controller/lib/python3.10/site-packages/vehicle_controller/__pycache__/mpc_combined.cpython-310.pyc
/home/yuxuan/ros_ws/src/vehicle_controller/install/vehicle_controller/lib/python3.10/site-packages/vehicle_controller/__pycache__/recorder.cpython-310.pyc
/home/yuxuan/ros_ws/src/vehicle_controller/install/vehicle_controller/lib/python3.10/site-packages/vehicle_controller/__pycache__/__init__.cpython-310.pyc
/home/yuxuan/ros_ws/src/vehicle_controller/install/vehicle_controller/lib/python3.10/site-packages/vehicle_controller/__pycache__/reference_manager.cpython-310.pyc
/home/yuxuan/ros_ws/src/vehicle_controller/install/vehicle_controller/lib/python3.10/site-packages/vehicle_controller/__pycache__/longitudinal_lqr.cpython-310.pyc
/home/yuxuan/ros_ws/src/vehicle_controller/install/vehicle_controller/share/ament_index/resource_index/packages/vehicle_controller
/home/yuxuan/ros_ws/src/vehicle_controller/install/vehicle_controller/share/vehicle_controller/package.xml
/home/yuxuan/ros_ws/src/vehicle_controller/install/vehicle_controller/share/vehicle_controller/launch/vehicle_controller.launch.py
/home/yuxuan/ros_ws/src/vehicle_controller/install/vehicle_controller/share/vehicle_controller/config/vehicle_params.yaml
/home/yuxuan/ros_ws/src/vehicle_controller/install/vehicle_controller/share/vehicle_controller/config/controller.yaml
/home/yuxuan/ros_ws/src/vehicle_controller/install/vehicle_controller/share/vehicle_controller/data/Acc_mapData_noSlope.mat
/home/yuxuan/ros_ws/src/vehicle_controller/install/vehicle_controller/share/vehicle_controller/data/path_ref.mat
/home/yuxuan/ros_ws/src/vehicle_controller/install/vehicle_controller/share/vehicle_controller/data/brake_mapData_noSlope.mat
/home/yuxuan/ros_ws/src/vehicle_controller/install/vehicle_controller/share/vehicle_controller/data/reference_velocity/referencePath_Velocity_peak_velocity_3.mat
/home/yuxuan/ros_ws/src/vehicle_controller/install/vehicle_controller/share/vehicle_controller/data/reference_velocity/referencePath_Velocity_peak_velocity_7.mat
/home/yuxuan/ros_ws/src/vehicle_controller/install/vehicle_controller/share/vehicle_controller/data/reference_velocity/referencePath_Velocity_peak_velocity_4.mat
/home/yuxuan/ros_ws/src/vehicle_controller/install/vehicle_controller/share/vehicle_controller/data/reference_velocity/referencePath_Velocity_peak_velocity_5.mat
/home/yuxuan/ros_ws/src/vehicle_controller/install/vehicle_controller/lib/python3.10/site-packages/vehicle_controller-0.0.0-py3.10.egg-info/SOURCES.txt
/home/yuxuan/ros_ws/src/vehicle_controller/install/vehicle_controller/lib/python3.10/site-packages/vehicle_controller-0.0.0-py3.10.egg-info/PKG-INFO
/home/yuxuan/ros_ws/src/vehicle_controller/install/vehicle_controller/lib/python3.10/site-packages/vehicle_controller-0.0.0-py3.10.egg-info/requires.txt
/home/yuxuan/ros_ws/src/vehicle_controller/install/vehicle_controller/lib/python3.10/site-packages/vehicle_controller-0.0.0-py3.10.egg-info/entry_points.txt
/home/yuxuan/ros_ws/src/vehicle_controller/install/vehicle_controller/lib/python3.10/site-packages/vehicle_controller-0.0.0-py3.10.egg-info/top_level.txt
/home/yuxuan/ros_ws/src/vehicle_controller/install/vehicle_controller/lib/python3.10/site-packages/vehicle_controller-0.0.0-py3.10.egg-info/zip-safe
/home/yuxuan/ros_ws/src/vehicle_controller/install/vehicle_controller/lib/python3.10/site-packages/vehicle_controller-0.0.0-py3.10.egg-info/dependency_links.txt
/home/yuxuan/ros_ws/src/vehicle_controller/install/vehicle_controller/lib/vehicle_controller/vehicle_controller_node
