running egg_info
writing build/vehicle_controller/vehicle_controller.egg-info/PKG-INFO
writing dependency_links to build/vehicle_controller/vehicle_controller.egg-info/dependency_links.txt
writing entry points to build/vehicle_controller/vehicle_controller.egg-info/entry_points.txt
writing requirements to build/vehicle_controller/vehicle_controller.egg-info/requires.txt
writing top-level names to build/vehicle_controller/vehicle_controller.egg-info/top_level.txt
reading manifest file 'build/vehicle_controller/vehicle_controller.egg-info/SOURCES.txt'
writing manifest file 'build/vehicle_controller/vehicle_controller.egg-info/SOURCES.txt'
running build
running build_py
copying vehicle_controller/vehicle_controller_node.py -> /home/yuxuan/ros_ws/src/vehicle_controller/build/vehicle_controller/build/lib/vehicle_controller
running install
running install_lib
copying /home/yuxuan/ros_ws/src/vehicle_controller/build/vehicle_controller/build/lib/vehicle_controller/vehicle_controller_node.py -> /home/yuxuan/ros_ws/src/vehicle_controller/install/vehicle_controller/lib/python3.10/site-packages/vehicle_controller
byte-compiling /home/yuxuan/ros_ws/src/vehicle_controller/install/vehicle_controller/lib/python3.10/site-packages/vehicle_controller/vehicle_controller_node.py to vehicle_controller_node.cpython-310.pyc
running install_data
copying config/controller.yaml -> /home/yuxuan/ros_ws/src/vehicle_controller/install/vehicle_controller/share/vehicle_controller/config
running install_egg_info
removing '/home/yuxuan/ros_ws/src/vehicle_controller/install/vehicle_controller/lib/python3.10/site-packages/vehicle_controller-0.0.0-py3.10.egg-info' (and everything under it)
Copying build/vehicle_controller/vehicle_controller.egg-info to /home/yuxuan/ros_ws/src/vehicle_controller/install/vehicle_controller/lib/python3.10/site-packages/vehicle_controller-0.0.0-py3.10.egg-info
running install_scripts
Installing vehicle_controller_node script to /home/yuxuan/ros_ws/src/vehicle_controller/install/vehicle_controller/lib/vehicle_controller
writing list of installed files to '/home/yuxuan/ros_ws/src/vehicle_controller/build/vehicle_controller/install.log'
