[0.336s] Invoking command in '/home/yuxuan/ros_ws/src/vehicle_controller': CONDA_PROMPT_MODIFIER=(TEMP) PYTHONPATH=/home/yuxuan/ros_ws/src/vehicle_controller/build/vehicle_controller/prefix_override:/usr/lib/python3/dist-packages/colcon_core/task/python/colcon_distutils_commands:/home/yuxuan/ros_ws/src/vehicle_controller/install/vehicle_controller/lib/python3.10/site-packages:${PYTHONPATH} /usr/bin/python3 -W ignore:setup.py install is deprecated -W ignore:easy_install command is deprecated setup.py egg_info --egg-base build/vehicle_controller build --build-base /home/yuxuan/ros_ws/src/vehicle_controller/build/vehicle_controller/build install --record /home/yuxuan/ros_ws/src/vehicle_controller/build/vehicle_controller/install.log --single-version-externally-managed install_data
[0.439s] running egg_info
[0.445s] writing build/vehicle_controller/vehicle_controller.egg-info/PKG-INFO
[0.446s] writing dependency_links to build/vehicle_controller/vehicle_controller.egg-info/dependency_links.txt
[0.446s] writing entry points to build/vehicle_controller/vehicle_controller.egg-info/entry_points.txt
[0.446s] writing requirements to build/vehicle_controller/vehicle_controller.egg-info/requires.txt
[0.446s] writing top-level names to build/vehicle_controller/vehicle_controller.egg-info/top_level.txt
[0.458s] reading manifest file 'build/vehicle_controller/vehicle_controller.egg-info/SOURCES.txt'
[0.458s] writing manifest file 'build/vehicle_controller/vehicle_controller.egg-info/SOURCES.txt'
[0.458s] running build
[0.458s] running build_py
[0.458s] copying vehicle_controller/vehicle_controller_node.py -> /home/yuxuan/ros_ws/src/vehicle_controller/build/vehicle_controller/build/lib/vehicle_controller
[0.459s] running install
[0.461s] running install_lib
[0.468s] copying /home/yuxuan/ros_ws/src/vehicle_controller/build/vehicle_controller/build/lib/vehicle_controller/vehicle_controller_node.py -> /home/yuxuan/ros_ws/src/vehicle_controller/install/vehicle_controller/lib/python3.10/site-packages/vehicle_controller
[0.468s] byte-compiling /home/yuxuan/ros_ws/src/vehicle_controller/install/vehicle_controller/lib/python3.10/site-packages/vehicle_controller/vehicle_controller_node.py to vehicle_controller_node.cpython-310.pyc
[0.468s] running install_data
[0.469s] copying config/controller.yaml -> /home/yuxuan/ros_ws/src/vehicle_controller/install/vehicle_controller/share/vehicle_controller/config
[0.469s] running install_egg_info
[0.476s] removing '/home/yuxuan/ros_ws/src/vehicle_controller/install/vehicle_controller/lib/python3.10/site-packages/vehicle_controller-0.0.0-py3.10.egg-info' (and everything under it)
[0.476s] Copying build/vehicle_controller/vehicle_controller.egg-info to /home/yuxuan/ros_ws/src/vehicle_controller/install/vehicle_controller/lib/python3.10/site-packages/vehicle_controller-0.0.0-py3.10.egg-info
[0.477s] running install_scripts
[0.537s] Installing vehicle_controller_node script to /home/yuxuan/ros_ws/src/vehicle_controller/install/vehicle_controller/lib/vehicle_controller
[0.538s] writing list of installed files to '/home/yuxuan/ros_ws/src/vehicle_controller/build/vehicle_controller/install.log'
[0.551s] Invoked command in '/home/yuxuan/ros_ws/src/vehicle_controller' returned '0': CONDA_PROMPT_MODIFIER=(TEMP) PYTHONPATH=/home/yuxuan/ros_ws/src/vehicle_controller/build/vehicle_controller/prefix_override:/usr/lib/python3/dist-packages/colcon_core/task/python/colcon_distutils_commands:/home/yuxuan/ros_ws/src/vehicle_controller/install/vehicle_controller/lib/python3.10/site-packages:${PYTHONPATH} /usr/bin/python3 -W ignore:setup.py install is deprecated -W ignore:easy_install command is deprecated setup.py egg_info --egg-base build/vehicle_controller build --build-base /home/yuxuan/ros_ws/src/vehicle_controller/build/vehicle_controller/build install --record /home/yuxuan/ros_ws/src/vehicle_controller/build/vehicle_controller/install.log --single-version-externally-managed install_data
