[0.049s] DEBUG:colcon:Command line arguments: ['/usr/bin/colcon', 'build']
[0.049s] DEBUG:colcon:Parsed command line arguments: Namespace(log_base=None, log_level=None, verb_name='build', build_base='build', install_base='install', merge_install=False, symlink_install=False, test_result_base=None, continue_on_error=False, executor='parallel', parallel_workers=24, event_handlers=None, ignore_user_meta=False, metas=['./colcon.meta'], base_paths=['.'], packages_ignore=None, packages_ignore_regex=None, paths=None, packages_up_to=None, packages_up_to_regex=None, packages_above=None, packages_above_and_dependencies=None, packages_above_depth=None, packages_select_by_dep=None, packages_skip_by_dep=None, packages_skip_up_to=None, packages_select_build_failed=False, packages_skip_build_finished=False, packages_select_test_failures=False, packages_skip_test_passed=False, packages_select=None, packages_skip=None, packages_select_regex=None, packages_skip_regex=None, packages_start=None, packages_end=None, allow_overriding=[], cmake_args=None, cmake_target=None, cmake_target_skip_unavailable=False, cmake_clean_cache=False, cmake_clean_first=False, cmake_force_configure=False, ament_cmake_args=None, catkin_cmake_args=None, catkin_skip_building_tests=False, mixin_files=None, mixin=None, verb_parser=<colcon_mixin.mixin.mixin_argument.MixinArgumentDecorator object at 0x750b475897e0>, verb_extension=<colcon_core.verb.build.BuildVerb object at 0x750b4768ae90>, main=<bound method BuildVerb.main of <colcon_core.verb.build.BuildVerb object at 0x750b4768ae90>>, mixin_verb=('build',))
[0.066s] Level 1:colcon.colcon_core.package_discovery:discover_packages(colcon_meta) check parameters
[0.066s] Level 1:colcon.colcon_core.package_discovery:discover_packages(recursive) check parameters
[0.066s] Level 1:colcon.colcon_core.package_discovery:discover_packages(ignore) check parameters
[0.066s] Level 1:colcon.colcon_core.package_discovery:discover_packages(path) check parameters
[0.066s] Level 1:colcon.colcon_core.package_discovery:discover_packages(colcon_meta) discover
[0.066s] Level 1:colcon.colcon_core.package_discovery:discover_packages(recursive) discover
[0.066s] INFO:colcon.colcon_core.package_discovery:Crawling recursively for packages in '/home/yuxuan/ros_ws/src/vehicle_controller'
[0.066s] Level 1:colcon.colcon_core.package_identification:_identify(.) by extensions ['ignore', 'ignore_ament_install']
[0.066s] Level 1:colcon.colcon_core.package_identification:_identify(.) by extension 'ignore'
[0.066s] Level 1:colcon.colcon_core.package_identification:_identify(.) by extension 'ignore_ament_install'
[0.066s] Level 1:colcon.colcon_core.package_identification:_identify(.) by extensions ['colcon_pkg']
[0.066s] Level 1:colcon.colcon_core.package_identification:_identify(.) by extension 'colcon_pkg'
[0.066s] Level 1:colcon.colcon_core.package_identification:_identify(.) by extensions ['colcon_meta']
[0.066s] Level 1:colcon.colcon_core.package_identification:_identify(.) by extension 'colcon_meta'
[0.066s] Level 1:colcon.colcon_core.package_identification:_identify(.) by extensions ['ros']
[0.066s] Level 1:colcon.colcon_core.package_identification:_identify(.) by extension 'ros'
[0.075s] DEBUG:colcon.colcon_core.package_identification:Package '.' with type 'ros.ament_python' and name 'vehicle_controller'
[0.075s] Level 1:colcon.colcon_core.package_discovery:discover_packages(recursive) using defaults
[0.075s] Level 1:colcon.colcon_core.package_discovery:discover_packages(ignore) discover
[0.075s] Level 1:colcon.colcon_core.package_discovery:discover_packages(ignore) using defaults
[0.075s] Level 1:colcon.colcon_core.package_discovery:discover_packages(path) discover
[0.075s] Level 1:colcon.colcon_core.package_discovery:discover_packages(path) using defaults
[0.085s] Level 1:colcon.colcon_core.package_discovery:discover_packages(prefix_path) check parameters
[0.085s] Level 1:colcon.colcon_core.package_discovery:discover_packages(prefix_path) discover
[0.086s] DEBUG:colcon.colcon_installed_package_information.package_discovery:Found 1 installed packages in /home/yuxuan/ros_ws/src/vehicle_controller/install
[0.087s] DEBUG:colcon.colcon_installed_package_information.package_discovery:Found 359 installed packages in /opt/ros/humble
[0.087s] Level 1:colcon.colcon_core.package_discovery:discover_packages(prefix_path) using defaults
[0.106s] Level 5:colcon.colcon_core.verb:set package 'vehicle_controller' build argument 'cmake_args' from command line to 'None'
[0.106s] Level 5:colcon.colcon_core.verb:set package 'vehicle_controller' build argument 'cmake_target' from command line to 'None'
[0.106s] Level 5:colcon.colcon_core.verb:set package 'vehicle_controller' build argument 'cmake_target_skip_unavailable' from command line to 'False'
[0.106s] Level 5:colcon.colcon_core.verb:set package 'vehicle_controller' build argument 'cmake_clean_cache' from command line to 'False'
[0.106s] Level 5:colcon.colcon_core.verb:set package 'vehicle_controller' build argument 'cmake_clean_first' from command line to 'False'
[0.106s] Level 5:colcon.colcon_core.verb:set package 'vehicle_controller' build argument 'cmake_force_configure' from command line to 'False'
[0.106s] Level 5:colcon.colcon_core.verb:set package 'vehicle_controller' build argument 'ament_cmake_args' from command line to 'None'
[0.106s] Level 5:colcon.colcon_core.verb:set package 'vehicle_controller' build argument 'catkin_cmake_args' from command line to 'None'
[0.106s] Level 5:colcon.colcon_core.verb:set package 'vehicle_controller' build argument 'catkin_skip_building_tests' from command line to 'False'
[0.106s] DEBUG:colcon.colcon_core.verb:Building package 'vehicle_controller' with the following arguments: {'ament_cmake_args': None, 'build_base': '/home/yuxuan/ros_ws/src/vehicle_controller/build/vehicle_controller', 'catkin_cmake_args': None, 'catkin_skip_building_tests': False, 'cmake_args': None, 'cmake_clean_cache': False, 'cmake_clean_first': False, 'cmake_force_configure': False, 'cmake_target': None, 'cmake_target_skip_unavailable': False, 'install_base': '/home/yuxuan/ros_ws/src/vehicle_controller/install/vehicle_controller', 'merge_install': False, 'path': '/home/yuxuan/ros_ws/src/vehicle_controller', 'symlink_install': False, 'test_result_base': None}
[0.106s] INFO:colcon.colcon_core.executor:Executing jobs using 'parallel' executor
[0.107s] DEBUG:colcon.colcon_parallel_executor.executor.parallel:run_until_complete
[0.107s] INFO:colcon.colcon_ros.task.ament_python.build:Building ROS package in '/home/yuxuan/ros_ws/src/vehicle_controller' with build type 'ament_python'
[0.107s] Level 1:colcon.colcon_core.shell:create_environment_hook('vehicle_controller', 'ament_prefix_path')
[0.108s] INFO:colcon.colcon_core.plugin_system:Skipping extension 'colcon_core.shell.bat': Not used on non-Windows systems
[0.108s] INFO:colcon.colcon_core.shell:Creating environment hook '/home/yuxuan/ros_ws/src/vehicle_controller/install/vehicle_controller/share/vehicle_controller/hook/ament_prefix_path.ps1'
[0.109s] INFO:colcon.colcon_core.shell:Creating environment descriptor '/home/yuxuan/ros_ws/src/vehicle_controller/install/vehicle_controller/share/vehicle_controller/hook/ament_prefix_path.dsv'
[0.109s] INFO:colcon.colcon_core.shell:Creating environment hook '/home/yuxuan/ros_ws/src/vehicle_controller/install/vehicle_controller/share/vehicle_controller/hook/ament_prefix_path.sh'
[0.109s] INFO:colcon.colcon_core.shell:Skip shell extension 'powershell' for command environment: Not usable outside of PowerShell
[0.109s] DEBUG:colcon.colcon_core.shell:Skip shell extension 'dsv' for command environment
[0.198s] INFO:colcon.colcon_core.task.python.build:Building Python package in '/home/yuxuan/ros_ws/src/vehicle_controller'
[0.198s] INFO:colcon.colcon_core.shell:Skip shell extension 'powershell' for command environment: Not usable outside of PowerShell
[0.198s] DEBUG:colcon.colcon_core.shell:Skip shell extension 'dsv' for command environment
[0.445s] DEBUG:colcon.colcon_core.event_handler.log_command:Invoking command in '/home/yuxuan/ros_ws/src/vehicle_controller': CONDA_PROMPT_MODIFIER=(TEMP) PYTHONPATH=/home/yuxuan/ros_ws/src/vehicle_controller/build/vehicle_controller/prefix_override:/usr/lib/python3/dist-packages/colcon_core/task/python/colcon_distutils_commands:/home/yuxuan/ros_ws/src/vehicle_controller/install/vehicle_controller/lib/python3.10/site-packages:${PYTHONPATH} /usr/bin/python3 -W ignore:setup.py install is deprecated -W ignore:easy_install command is deprecated setup.py egg_info --egg-base build/vehicle_controller build --build-base /home/yuxuan/ros_ws/src/vehicle_controller/build/vehicle_controller/build install --record /home/yuxuan/ros_ws/src/vehicle_controller/build/vehicle_controller/install.log --single-version-externally-managed install_data
[0.676s] Level 1:colcon.colcon_core.environment:checking '/home/yuxuan/ros_ws/src/vehicle_controller/install/vehicle_controller' for CMake module files
[0.676s] Level 1:colcon.colcon_core.environment:checking '/home/yuxuan/ros_ws/src/vehicle_controller/install/vehicle_controller' for CMake config files
[0.676s] Level 1:colcon.colcon_core.environment:checking '/home/yuxuan/ros_ws/src/vehicle_controller/install/vehicle_controller/lib'
[0.676s] Level 1:colcon.colcon_core.environment:checking '/home/yuxuan/ros_ws/src/vehicle_controller/install/vehicle_controller/bin'
[0.676s] Level 1:colcon.colcon_core.environment:checking '/home/yuxuan/ros_ws/src/vehicle_controller/install/vehicle_controller/lib/pkgconfig/vehicle_controller.pc'
[0.676s] Level 1:colcon.colcon_core.environment:checking '/home/yuxuan/ros_ws/src/vehicle_controller/install/vehicle_controller/lib/python3.10/site-packages'
[0.677s] Level 1:colcon.colcon_core.shell:create_environment_hook('vehicle_controller', 'pythonpath')
[0.677s] INFO:colcon.colcon_core.shell:Creating environment hook '/home/yuxuan/ros_ws/src/vehicle_controller/install/vehicle_controller/share/vehicle_controller/hook/pythonpath.ps1'
[0.677s] DEBUG:colcon.colcon_core.event_handler.log_command:Invoked command in '/home/yuxuan/ros_ws/src/vehicle_controller' returned '0': CONDA_PROMPT_MODIFIER=(TEMP) PYTHONPATH=/home/yuxuan/ros_ws/src/vehicle_controller/build/vehicle_controller/prefix_override:/usr/lib/python3/dist-packages/colcon_core/task/python/colcon_distutils_commands:/home/yuxuan/ros_ws/src/vehicle_controller/install/vehicle_controller/lib/python3.10/site-packages:${PYTHONPATH} /usr/bin/python3 -W ignore:setup.py install is deprecated -W ignore:easy_install command is deprecated setup.py egg_info --egg-base build/vehicle_controller build --build-base /home/yuxuan/ros_ws/src/vehicle_controller/build/vehicle_controller/build install --record /home/yuxuan/ros_ws/src/vehicle_controller/build/vehicle_controller/install.log --single-version-externally-managed install_data
[0.677s] INFO:colcon.colcon_core.shell:Creating environment descriptor '/home/yuxuan/ros_ws/src/vehicle_controller/install/vehicle_controller/share/vehicle_controller/hook/pythonpath.dsv'
[0.677s] INFO:colcon.colcon_core.shell:Creating environment hook '/home/yuxuan/ros_ws/src/vehicle_controller/install/vehicle_controller/share/vehicle_controller/hook/pythonpath.sh'
[0.677s] Level 1:colcon.colcon_core.environment:checking '/home/yuxuan/ros_ws/src/vehicle_controller/install/vehicle_controller/bin'
[0.677s] Level 1:colcon.colcon_core.environment:create_environment_scripts_only(vehicle_controller)
[0.678s] INFO:colcon.colcon_core.shell:Creating package script '/home/yuxuan/ros_ws/src/vehicle_controller/install/vehicle_controller/share/vehicle_controller/package.ps1'
[0.678s] INFO:colcon.colcon_core.shell:Creating package descriptor '/home/yuxuan/ros_ws/src/vehicle_controller/install/vehicle_controller/share/vehicle_controller/package.dsv'
[0.678s] INFO:colcon.colcon_core.shell:Creating package script '/home/yuxuan/ros_ws/src/vehicle_controller/install/vehicle_controller/share/vehicle_controller/package.sh'
[0.678s] INFO:colcon.colcon_core.shell:Creating package script '/home/yuxuan/ros_ws/src/vehicle_controller/install/vehicle_controller/share/vehicle_controller/package.bash'
[0.679s] INFO:colcon.colcon_core.shell:Creating package script '/home/yuxuan/ros_ws/src/vehicle_controller/install/vehicle_controller/share/vehicle_controller/package.zsh'
[0.679s] Level 1:colcon.colcon_core.environment:create_file_with_runtime_dependencies(/home/yuxuan/ros_ws/src/vehicle_controller/install/vehicle_controller/share/colcon-core/packages/vehicle_controller)
[0.679s] DEBUG:colcon.colcon_parallel_executor.executor.parallel:closing loop
[0.679s] DEBUG:colcon.colcon_parallel_executor.executor.parallel:loop closed
[0.679s] DEBUG:colcon.colcon_parallel_executor.executor.parallel:run_until_complete finished with '0'
[0.680s] DEBUG:colcon.colcon_core.event_reactor:joining thread
[0.682s] INFO:colcon.colcon_core.plugin_system:Skipping extension 'colcon_notification.desktop_notification.terminal_notifier': Not used on non-Darwin systems
[0.682s] INFO:colcon.colcon_core.plugin_system:Skipping extension 'colcon_notification.desktop_notification.win32': Not used on non-Windows systems
[0.682s] INFO:colcon.colcon_notification.desktop_notification:Sending desktop notification using 'notify2'
[0.689s] DEBUG:colcon.colcon_core.event_reactor:joined thread
[0.689s] INFO:colcon.colcon_core.shell:Creating prefix script '/home/yuxuan/ros_ws/src/vehicle_controller/install/local_setup.ps1'
[0.690s] INFO:colcon.colcon_core.shell:Creating prefix util module '/home/yuxuan/ros_ws/src/vehicle_controller/install/_local_setup_util_ps1.py'
[0.691s] INFO:colcon.colcon_core.shell:Creating prefix chain script '/home/yuxuan/ros_ws/src/vehicle_controller/install/setup.ps1'
[0.692s] INFO:colcon.colcon_core.shell:Creating prefix script '/home/yuxuan/ros_ws/src/vehicle_controller/install/local_setup.sh'
[0.693s] INFO:colcon.colcon_core.shell:Creating prefix util module '/home/yuxuan/ros_ws/src/vehicle_controller/install/_local_setup_util_sh.py'
[0.693s] INFO:colcon.colcon_core.shell:Creating prefix chain script '/home/yuxuan/ros_ws/src/vehicle_controller/install/setup.sh'
[0.694s] INFO:colcon.colcon_core.shell:Creating prefix script '/home/yuxuan/ros_ws/src/vehicle_controller/install/local_setup.bash'
[0.695s] INFO:colcon.colcon_core.shell:Creating prefix chain script '/home/yuxuan/ros_ws/src/vehicle_controller/install/setup.bash'
[0.695s] INFO:colcon.colcon_core.shell:Creating prefix script '/home/yuxuan/ros_ws/src/vehicle_controller/install/local_setup.zsh'
[0.696s] INFO:colcon.colcon_core.shell:Creating prefix chain script '/home/yuxuan/ros_ws/src/vehicle_controller/install/setup.zsh'
