running egg_info
writing build/vehicle_controller/vehicle_controller.egg-info/PKG-INFO
writing dependency_links to build/vehicle_controller/vehicle_controller.egg-info/dependency_links.txt
writing entry points to build/vehicle_controller/vehicle_controller.egg-info/entry_points.txt
writing requirements to build/vehicle_controller/vehicle_controller.egg-info/requires.txt
writing top-level names to build/vehicle_controller/vehicle_controller.egg-info/top_level.txt
reading manifest file 'build/vehicle_controller/vehicle_controller.egg-info/SOURCES.txt'
writing manifest file 'build/vehicle_controller/vehicle_controller.egg-info/SOURCES.txt'
running build
running build_py
running install
running install_lib
running install_data
copying data/Acc_mapData_noSlope.mat -> /home/yuxuan/ros_ws/src/vehicle_controller/install/vehicle_controller/share/vehicle_controller/data
copying data/path_ref.mat -> /home/yuxuan/ros_ws/src/vehicle_controller/install/vehicle_controller/share/vehicle_controller/data
copying data/brake_mapData_noSlope.mat -> /home/yuxuan/ros_ws/src/vehicle_controller/install/vehicle_controller/share/vehicle_controller/data
creating /home/yuxuan/ros_ws/src/vehicle_controller/install/vehicle_controller/share/vehicle_controller/data/reference_velocity
copying data/reference_velocity/referencePath_Velocity_peak_velocity_3.mat -> /home/yuxuan/ros_ws/src/vehicle_controller/install/vehicle_controller/share/vehicle_controller/data/reference_velocity
copying data/reference_velocity/referencePath_Velocity_peak_velocity_7.mat -> /home/yuxuan/ros_ws/src/vehicle_controller/install/vehicle_controller/share/vehicle_controller/data/reference_velocity
copying data/reference_velocity/referencePath_Velocity_peak_velocity_4.mat -> /home/yuxuan/ros_ws/src/vehicle_controller/install/vehicle_controller/share/vehicle_controller/data/reference_velocity
copying data/reference_velocity/referencePath_Velocity_peak_velocity_5.mat -> /home/yuxuan/ros_ws/src/vehicle_controller/install/vehicle_controller/share/vehicle_controller/data/reference_velocity
running install_egg_info
Copying build/vehicle_controller/vehicle_controller.egg-info to /home/yuxuan/ros_ws/src/vehicle_controller/install/vehicle_controller/lib/python3.10/site-packages/vehicle_controller-0.0.0-py3.10.egg-info
running install_scripts
Installing vehicle_controller_node script to /home/yuxuan/ros_ws/src/vehicle_controller/install/vehicle_controller/lib/vehicle_controller
writing list of installed files to '/home/yuxuan/ros_ws/src/vehicle_controller/build/vehicle_controller/install.log'
